Crashlog created at 2015-04-06 18:09:01 +0200

===== MESSAGE:

NameError: uninitialized constant Nanoc::Toolbox

===== COMPILATION STACK:

  (empty)

===== STACK TRACE:

  0. lib/helpers.rb:4:in `<main>'
  1. /Users/rhubain/.rvm/gems/ruby-1.9.3-p551/gems/nanoc-3.7.5/lib/nanoc/base/source_data/code_snippet.rb:34:in `eval'
  2. /Users/rhubain/.rvm/gems/ruby-1.9.3-p551/gems/nanoc-3.7.5/lib/nanoc/base/source_data/code_snippet.rb:34:in `load'
  3. /Users/rhubain/.rvm/gems/ruby-1.9.3-p551/gems/nanoc-3.7.5/lib/nanoc/base/source_data/site.rb:328:in `each'
  4. /Users/rhubain/.rvm/gems/ruby-1.9.3-p551/gems/nanoc-3.7.5/lib/nanoc/base/source_data/site.rb:328:in `load_code_snippets'
  5. /Users/rhubain/.rvm/gems/ruby-1.9.3-p551/gems/nanoc-3.7.5/lib/nanoc/base/source_data/site.rb:240:in `load'
  6. /Users/rhubain/.rvm/gems/ruby-1.9.3-p551/gems/nanoc-3.7.5/lib/nanoc/base/source_data/site.rb:126:in `layouts'
  7. /Users/rhubain/.rvm/gems/ruby-1.9.3-p551/gems/nanoc-3.7.5/lib/nanoc/base/compilation/compiler.rb:186:in `dependency_tracker'
  8. /Users/rhubain/.rvm/gems/ruby-1.9.3-p551/gems/nanoc-3.7.5/lib/nanoc/base/memoization.rb:54:in `block in memoize'
  9. /Users/rhubain/.rvm/gems/ruby-1.9.3-p551/gems/nanoc-3.7.5/lib/nanoc/base/compilation/compiler.rb:458:in `stores'
  10. /Users/rhubain/.rvm/gems/ruby-1.9.3-p551/gems/nanoc-3.7.5/lib/nanoc/base/compilation/compiler.rb:145:in `unload'
  11. /Users/rhubain/.rvm/gems/ruby-1.9.3-p551/gems/nanoc-3.7.5/lib/nanoc/base/source_data/site.rb:277:in `unload'
  12. /Users/rhubain/.rvm/gems/ruby-1.9.3-p551/gems/nanoc-3.7.5/lib/nanoc/base/source_data/site.rb:257:in `rescue in load'
  13. /Users/rhubain/.rvm/gems/ruby-1.9.3-p551/gems/nanoc-3.7.5/lib/nanoc/base/source_data/site.rb:261:in `load'
  14. /Users/rhubain/.rvm/gems/ruby-1.9.3-p551/gems/nanoc-3.7.5/lib/nanoc/cli/command_runner.rb:62:in `load_site'
  15. /Users/rhubain/.rvm/gems/ruby-1.9.3-p551/gems/nanoc-3.7.5/lib/nanoc/cli/commands/compile.rb:378:in `run'
  16. /Users/rhubain/.rvm/gems/ruby-1.9.3-p551/gems/nanoc-3.7.5/lib/nanoc/cli/command_runner.rb:12:in `block in call'
  17. /Users/rhubain/.rvm/gems/ruby-1.9.3-p551/gems/nanoc-3.7.5/lib/nanoc/cli/error_handler.rb:72:in `handle_while'
  18. /Users/rhubain/.rvm/gems/ruby-1.9.3-p551/gems/nanoc-3.7.5/lib/nanoc/cli/error_handler.rb:24:in `handle_while'
  19. /Users/rhubain/.rvm/gems/ruby-1.9.3-p551/gems/nanoc-3.7.5/lib/nanoc/cli/command_runner.rb:11:in `call'
  20. /Users/rhubain/.rvm/gems/ruby-1.9.3-p551/gems/cri-2.6.1/lib/cri/command_dsl.rb:223:in `block in runner'
  21. /Users/rhubain/.rvm/gems/ruby-1.9.3-p551/gems/cri-2.6.1/lib/cri/command.rb:298:in `call'
  22. /Users/rhubain/.rvm/gems/ruby-1.9.3-p551/gems/cri-2.6.1/lib/cri/command.rb:298:in `run_this'
  23. /Users/rhubain/.rvm/gems/ruby-1.9.3-p551/gems/cri-2.6.1/lib/cri/command.rb:251:in `run'
  24. /Users/rhubain/.rvm/gems/ruby-1.9.3-p551/gems/cri-2.6.1/lib/cri/command.rb:264:in `run'
  25. /Users/rhubain/.rvm/gems/ruby-1.9.3-p551/gems/nanoc-3.7.5/lib/nanoc/cli.rb:58:in `block in run'
  26. /Users/rhubain/.rvm/gems/ruby-1.9.3-p551/gems/nanoc-3.7.5/lib/nanoc/cli/error_handler.rb:72:in `handle_while'
  27. /Users/rhubain/.rvm/gems/ruby-1.9.3-p551/gems/nanoc-3.7.5/lib/nanoc/cli/error_handler.rb:24:in `handle_while'
  28. /Users/rhubain/.rvm/gems/ruby-1.9.3-p551/gems/nanoc-3.7.5/lib/nanoc/cli.rb:56:in `run'
  29. /Users/rhubain/.rvm/gems/ruby-1.9.3-p551/gems/nanoc-3.7.5/bin/nanoc:25:in `<top (required)>'
  30. /Users/rhubain/.rvm/gems/ruby-1.9.3-p551/bin/nanoc:23:in `load'
  31. /Users/rhubain/.rvm/gems/ruby-1.9.3-p551/bin/nanoc:23:in `<main>'
  32. /Users/rhubain/.rvm/gems/ruby-1.9.3-p551/bin/ruby_executable_hooks:15:in `eval'

===== VERSION INFORMATION:

nanoc 3.7.5 © 2007-2015 Denis Defreyne.
Running ruby 1.9.3 (2014-11-13) on x86_64-darwin14.1.0 with RubyGems 2.4.6.

===== SYSTEM INFORMATION:

Darwin Raphaels-MacBook-Pro.local 14.1.0 Darwin Kernel Version 14.1.0: Mon Dec 22 23:10:38 PST 2014; root:xnu-2782.10.72~2/RELEASE_X86_64 x86_64

===== INSTALLED GEMS:

  POpen4 0.1.4
  Platform 0.4.0
  adsf 1.2.0
  bigdecimal 1.1.0
  bundler-unload 1.0.2
  chunky_png 1.3.4
  colored 1.2
  commonjs 0.2.7
  compass 1.0.3
  compass-core 1.0.3
  compass-import-once 1.0.5
  cri 2.6.1
  executable-hooks 1.3.2
  ffi 1.9.8
  gem-wrappers 1.2.7
  haml 4.0.6
  html_compressor 0.0.3
  io-console 0.3
  json 1.5.5
  kramdown 1.6.0
  less 2.6.0
  libv8 3.16.14.7
  maruku 0.7.2
  mini_portile 0.6.2
  minitest 2.5.1
  multi_json 1.11.0
  nanoc 3.7.5
  nokogiri 1.6.6.2
  open4 1.3.4
  rack 1.6.0
  rake 0.9.2.2
  rb-fsevent 0.9.4
  rb-inotify 0.9.5
  rdoc 3.9.5
  ref 1.0.5
  rsync 1.0.9
  rubygems-bundler 1.4.4
  rvm 1.11.3.9
  sass 3.4.13
  systemu 2.6.5
  therubyracer 0.12.1
  tilt 2.0.1
  w3c_validators 1.2

===== ENVIRONMENT:

Apple_PubSub_Socket_Render => "/private/tmp/com.apple.launchd.dPP49iLGOb/Render"
GEM_HOME => "/Users/rhubain/.rvm/gems/ruby-1.9.3-p551"
GEM_PATH => "/Users/rhubain/.rvm/gems/ruby-1.9.3-p551:/Users/rhubain/.rvm/gems/ruby-1.9.3-p551@global"
HOME => "/Users/rhubain"
IRBRC => "/Users/rhubain/.rvm/rubies/ruby-1.9.3-p551/.irbrc"
LC_CTYPE => "UTF-8"
LOGNAME => "rhubain"
MY_RUBY_HOME => "/Users/rhubain/.rvm/rubies/ruby-1.9.3-p551"
OLDPWD => "/Users/rhubain"
PATH => "/Users/rhubain/.rvm/gems/ruby-1.9.3-p551/bin:/Users/rhubain/.rvm/gems/ruby-1.9.3-p551@global/bin:/Users/rhubain/.rvm/rubies/ruby-1.9.3-p551/bin:/Library/Frameworks/Python.framework/Versions/3.4/bin:/Library/Frameworks/Python.framework/Versions/3.4/bin:/usr/local/bin:/usr/bin:/bin:/usr/sbin:/sbin:/usr/local/git/bin:/usr/texbin:/Users/rhubain/.rvm/bin"
PWD => "/Users/rhubain/GitHub/lemuridae_website"
RUBY_VERSION => "ruby-1.9.3-p551"
SHELL => "/bin/bash"
SHLVL => "1"
SSH_AUTH_SOCK => "/private/tmp/com.apple.launchd.cGTWgx6Qqw/Listeners"
TERM => "xterm-256color"
TERM_PROGRAM => "Apple_Terminal"
TERM_PROGRAM_VERSION => "343.6"
TERM_SESSION_ID => "102084AE-72BE-4E0D-966C-92F17E70949A"
TMPDIR => "/var/folders/hx/9g9v5x3n1kl1r803n0f2dhmh0000gn/T/"
USER => "rhubain"
XPC_FLAGS => "0x0"
XPC_SERVICE_NAME => "0"
_ => "/Users/rhubain/.rvm/gems/ruby-1.9.3-p551/bin/nanoc"
__CF_USER_TEXT_ENCODING => "0x1F5:0x0:0x0"
_system_arch => "x86_64"
_system_name => "OSX"
_system_type => "Darwin"
_system_version => "10.10"
rvm_bin_path => "/Users/rhubain/.rvm/bin"
rvm_path => "/Users/rhubain/.rvm"
rvm_prefix => "/Users/rhubain"
rvm_version => "1.26.11 (latest)"

===== LOAD PATHS:

  0. /Users/rhubain/.rvm/gems/ruby-1.9.3-p551/gems/nanoc-3.7.5/lib
  1. /Users/rhubain/.rvm/gems/ruby-1.9.3-p551@global/gems/executable-hooks-1.3.2/lib
  2. /Users/rhubain/.rvm/gems/ruby-1.9.3-p551@global/extensions/x86_64-darwin-14/1.9.1/executable-hooks-1.3.2
  3. /Users/rhubain/.rvm/gems/ruby-1.9.3-p551@global/gems/bundler-unload-1.0.2/lib
  4. /Users/rhubain/.rvm/gems/ruby-1.9.3-p551@global/gems/rubygems-bundler-1.4.4/lib
  5. /Users/rhubain/.rvm/gems/ruby-1.9.3-p551/gems/colored-1.2/lib
  6. /Users/rhubain/.rvm/gems/ruby-1.9.3-p551/gems/cri-2.6.1/lib
  7. /Users/rhubain/.rvm/gems/ruby-1.9.3-p551/gems/nanoc-3.7.5/lib
  8. /Users/rhubain/.rvm/rubies/ruby-1.9.3-p551/lib/ruby/site_ruby/1.9.1
  9. /Users/rhubain/.rvm/rubies/ruby-1.9.3-p551/lib/ruby/site_ruby/1.9.1/x86_64-darwin14.1.0
  10. /Users/rhubain/.rvm/rubies/ruby-1.9.3-p551/lib/ruby/site_ruby
  11. /Users/rhubain/.rvm/rubies/ruby-1.9.3-p551/lib/ruby/vendor_ruby/1.9.1
  12. /Users/rhubain/.rvm/rubies/ruby-1.9.3-p551/lib/ruby/vendor_ruby/1.9.1/x86_64-darwin14.1.0
  13. /Users/rhubain/.rvm/rubies/ruby-1.9.3-p551/lib/ruby/vendor_ruby
  14. /Users/rhubain/.rvm/rubies/ruby-1.9.3-p551/lib/ruby/1.9.1
  15. /Users/rhubain/.rvm/rubies/ruby-1.9.3-p551/lib/ruby/1.9.1/x86_64-darwin14.1.0
